[1224/204957.181:ERROR:directory_reader_win.cc(43)] FindFirstFile: Системе не удается найти указанный путь. (0x3)
[1224/211549.685:ERROR:process_reader_win.cc(123)] NtOpenThread: {Отказано в доступе} Процесс запросил доступ к объекту, но права на доступ не предоставлены. (0xc0000022)
[1224/211549.740:ERROR:exception_snapshot_win.cc(99)] thread ID 9456 not found in process
[1224/211550.683:ERROR:process_reader_win.cc(123)] NtOpenThread: {Отказано в доступе} Процесс запросил доступ к объекту, но права на доступ не предоставлены. (0xc0000022)
[1224/211550.683:ERROR:exception_snapshot_win.cc(99)] thread ID 17256 not found in process
[1224/212826.735:ERROR:process_reader_win.cc(123)] NtOpenThread: {Отказано в доступе} Процесс запросил доступ к объекту, но права на доступ не предоставлены. (0xc0000022)
[1224/212826.811:ERROR:exception_snapshot_win.cc(99)] thread ID 15584 not found in process
[1224/212842.038:ERROR:process_reader_win.cc(123)] NtOpenThread: {Отказано в доступе} Процесс запросил доступ к объекту, но права на доступ не предоставлены. (0xc0000022)
[1224/212842.039:ERROR:exception_snapshot_win.cc(99)] thread ID 6732 not found in process
[1224/212842.277:ERROR:process_reader_win.cc(123)] NtOpenThread: {Отказано в доступе} Процесс запросил доступ к объекту, но права на доступ не предоставлены. (0xc0000022)
[1224/212842.277:ERROR:exception_snapshot_win.cc(99)] thread ID 12584 not found in process
[1224/213145.756:ERROR:process_reader_win.cc(123)] NtOpenThread: {Отказано в доступе} Процесс запросил доступ к объекту, но права на доступ не предоставлены. (0xc0000022)
[1224/213145.783:ERROR:exception_snapshot_win.cc(99)] thread ID 13096 not found in process
[1224/213145.957:ERROR:process_reader_win.cc(123)] NtOpenThread: {Отказано в доступе} Процесс запросил доступ к объекту, но права на доступ не предоставлены. (0xc0000022)
[1224/213145.957:ERROR:exception_snapshot_win.cc(99)] thread ID 9896 not found in process
[1224/213345.094:ERROR:process_reader_win.cc(123)] NtOpenThread: {Отказано в доступе} Процесс запросил доступ к объекту, но права на доступ не предоставлены. (0xc0000022)
[1224/213345.095:ERROR:exception_snapshot_win.cc(99)] thread ID 7996 not found in process
[1224/213345.219:ERROR:process_reader_win.cc(123)] NtOpenThread: {Отказано в доступе} Процесс запросил доступ к объекту, но права на доступ не предоставлены. (0xc0000022)
[1224/213345.219:ERROR:exception_snapshot_win.cc(99)] thread ID 13740 not found in process
[1224/213852.041:ERROR:process_reader_win.cc(123)] NtOpenThread: {Отказано в доступе} Процесс запросил доступ к объекту, но права на доступ не предоставлены. (0xc0000022)
[1224/213852.216:ERROR:exception_snapshot_win.cc(99)] thread ID 1920 not found in process
[1224/213854.362:ERROR:process_reader_win.cc(123)] NtOpenThread: {Отказано в доступе} Процесс запросил доступ к объекту, но права на доступ не предоставлены. (0xc0000022)
[1224/213854.362:ERROR:exception_snapshot_win.cc(99)] thread ID 7088 not found in process
[1224/214646.886:ERROR:process_reader_win.cc(123)] NtOpenThread: {Отказано в доступе} Процесс запросил доступ к объекту, но права на доступ не предоставлены. (0xc0000022)
[1224/214647.020:ERROR:exception_snapshot_win.cc(99)] thread ID 8284 not found in process
[1224/214648.488:ERROR:process_reader_win.cc(123)] NtOpenThread: {Отказано в доступе} Процесс запросил доступ к объекту, но права на доступ не предоставлены. (0xc0000022)
[1224/214648.488:ERROR:exception_snapshot_win.cc(99)] thread ID 9868 not found in process
[1224/215236.888:ERROR:process_reader_win.cc(123)] NtOpenThread: {Отказано в доступе} Процесс запросил доступ к объекту, но права на доступ не предоставлены. (0xc0000022)
[1224/215237.167:ERROR:exception_snapshot_win.cc(99)] thread ID 10412 not found in process
[1224/215237.675:ERROR:process_reader_win.cc(123)] NtOpenThread: {Отказано в доступе} Процесс запросил доступ к объекту, но права на доступ не предоставлены. (0xc0000022)
[1224/215237.675:ERROR:exception_snapshot_win.cc(99)] thread ID 15816 not found in process
[1224/215944.516:ERROR:process_reader_win.cc(123)] NtOpenThread: {Отказано в доступе} Процесс запросил доступ к объекту, но права на доступ не предоставлены. (0xc0000022)
[1224/215944.624:ERROR:exception_snapshot_win.cc(99)] thread ID 14004 not found in process
[1224/215945.855:ERROR:process_reader_win.cc(123)] NtOpenThread: {Отказано в доступе} Процесс запросил доступ к объекту, но права на доступ не предоставлены. (0xc0000022)
[1224/215945.855:ERROR:exception_snapshot_win.cc(99)] thread ID 16640 not found in process
[1224/221059.952:ERROR:directory_reader_win.cc(43)] FindFirstFile: Системе не удается найти указанный путь. (0x3)
[1224/224018.381:ERROR:process_reader_win.cc(123)] NtOpenThread: {Отказано в доступе} Процесс запросил доступ к объекту, но права на доступ не предоставлены. (0xc0000022)
[1224/224018.465:ERROR:exception_snapshot_win.cc(99)] thread ID 16608 not found in process
[1224/224020.024:ERROR:process_reader_win.cc(123)] NtOpenThread: {Отказано в доступе} Процесс запросил доступ к объекту, но права на доступ не предоставлены. (0xc0000022)
[1224/224020.024:ERROR:exception_snapshot_win.cc(99)] thread ID 15100 not found in process
[1224/224748.503:ERROR:process_reader_win.cc(123)] NtOpenThread: {Отказано в доступе} Процесс запросил доступ к объекту, но права на доступ не предоставлены. (0xc0000022)
[1224/224748.675:ERROR:exception_snapshot_win.cc(99)] thread ID 11056 not found in process
[1224/224749.147:ERROR:process_reader_win.cc(123)] NtOpenThread: {Отказано в доступе} Процесс запросил доступ к объекту, но права на доступ не предоставлены. (0xc0000022)
[1224/224749.147:ERROR:exception_snapshot_win.cc(99)] thread ID 9172 not found in process
[1224/225320.156:ERROR:process_reader_win.cc(123)] NtOpenThread: {Отказано в доступе} Процесс запросил доступ к объекту, но права на доступ не предоставлены. (0xc0000022)
[1224/225320.329:ERROR:exception_snapshot_win.cc(99)] thread ID 12084 not found in process
[1224/225320.767:ERROR:process_reader_win.cc(123)] NtOpenThread: {Отказано в доступе} Процесс запросил доступ к объекту, но права на доступ не предоставлены. (0xc0000022)
[1224/225320.767:ERROR:exception_snapshot_win.cc(99)] thread ID 6700 not found in process
[1224/230827.242:ERROR:directory_reader_win.cc(43)] FindFirstFile: Системе не удается найти указанный путь. (0x3)
[1224/231745.181:ERROR:process_reader_win.cc(123)] NtOpenThread: {Отказано в доступе} Процесс запросил доступ к объекту, но права на доступ не предоставлены. (0xc0000022)
[1224/231745.201:ERROR:exception_snapshot_win.cc(99)] thread ID 2276 not found in process
[1224/231745.833:ERROR:process_reader_win.cc(123)] NtOpenThread: {Отказано в доступе} Процесс запросил доступ к объекту, но права на доступ не предоставлены. (0xc0000022)
[1224/231745.833:ERROR:exception_snapshot_win.cc(99)] thread ID 7188 not found in process
[1224/232848.777:ERROR:process_reader_win.cc(123)] NtOpenThread: {Отказано в доступе} Процесс запросил доступ к объекту, но права на доступ не предоставлены. (0xc0000022)
[1224/232848.893:ERROR:exception_snapshot_win.cc(99)] thread ID 8140 not found in process
[1224/232849.388:ERROR:process_reader_win.cc(123)] NtOpenThread: {Отказано в доступе} Процесс запросил доступ к объекту, но права на доступ не предоставлены. (0xc0000022)
[1224/232849.388:ERROR:exception_snapshot_win.cc(99)] thread ID 12688 not found in process
[1224/233552.803:ERROR:process_reader_win.cc(123)] NtOpenThread: {Отказано в доступе} Процесс запросил доступ к объекту, но права на доступ не предоставлены. (0xc0000022)
[1224/233552.985:ERROR:exception_snapshot_win.cc(99)] thread ID 2756 not found in process
[1224/233554.464:ERROR:process_reader_win.cc(123)] NtOpenThread: {Отказано в доступе} Процесс запросил доступ к объекту, но права на доступ не предоставлены. (0xc0000022)
[1224/233554.464:ERROR:exception_snapshot_win.cc(99)] thread ID 2988 not found in process
[1224/233637.648:ERROR:process_reader_win.cc(151)] SuspendThread: Отказано в доступе. (0x5)
[1224/233637.649:ERROR:process_reader_win.cc(123)] NtOpenThread: {Отказано в доступе} Процесс запросил доступ к объекту, но права на доступ не предоставлены. (0xc0000022)
[1224/233637.650:ERROR:exception_snapshot_win.cc(99)] thread ID 8588 not found in process
[1224/233637.809:ERROR:process_reader_win.cc(151)] SuspendThread: Отказано в доступе. (0x5)
[1224/233637.809:ERROR:process_reader_win.cc(151)] SuspendThread: Отказано в доступе. (0x5)
[1224/233637.809:ERROR:process_reader_win.cc(151)] SuspendThread: Отказано в доступе. (0x5)
[1224/233637.809:ERROR:process_reader_win.cc(123)] NtOpenThread: {Отказано в доступе} Процесс запросил доступ к объекту, но права на доступ не предоставлены. (0xc0000022)
[1224/233637.810:ERROR:exception_snapshot_win.cc(99)] thread ID 8172 not found in process
[1224/234746.100:ERROR:directory_reader_win.cc(43)] FindFirstFile: Системе не удается найти указанный путь. (0x3)
[1225/003313.358:ERROR:process_reader_win.cc(123)] NtOpenThread: {Отказано в доступе} Процесс запросил доступ к объекту, но права на доступ не предоставлены. (0xc0000022)
[1225/003313.440:ERROR:exception_snapshot_win.cc(99)] thread ID 9960 not found in process
[1225/003315.009:ERROR:process_reader_win.cc(123)] NtOpenThread: {Отказано в доступе} Процесс запросил доступ к объекту, но права на доступ не предоставлены. (0xc0000022)
[1225/003315.009:ERROR:exception_snapshot_win.cc(99)] thread ID 10040 not found in process
[1225/004443.731:ERROR:directory_reader_win.cc(43)] FindFirstFile: Системе не удается найти указанный путь. (0x3)
[1225/142903.201:ERROR:process_reader_win.cc(123)] NtOpenThread: {Отказано в доступе} Процесс запросил доступ к объекту, но права на доступ не предоставлены. (0xc0000022)
[1225/142905.077:ERROR:exception_snapshot_win.cc(99)] thread ID 12212 not found in process
[1225/142905.671:ERROR:process_reader_win.cc(123)] NtOpenThread: {Отказано в доступе} Процесс запросил доступ к объекту, но права на доступ не предоставлены. (0xc0000022)
[1225/142905.671:ERROR:exception_snapshot_win.cc(99)] thread ID 10316 not found in process
[1225/142905.701:ERROR:process_reader_win.cc(123)] NtOpenThread: {Отказано в доступе} Процесс запросил доступ к объекту, но права на доступ не предоставлены. (0xc0000022)
[1225/142905.701:ERROR:exception_snapshot_win.cc(99)] thread ID 7680 not found in process
[1225/142908.765:ERROR:process_reader_win.cc(151)] SuspendThread: Отказано в доступе. (0x5)
[1225/142908.765:ERROR:process_reader_win.cc(123)] NtOpenThread: {Отказано в доступе} Процесс запросил доступ к объекту, но права на доступ не предоставлены. (0xc0000022)
[1225/142908.765:ERROR:exception_snapshot_win.cc(99)] thread ID 13748 not found in process
[1225/143229.457:ERROR:process_reader_win.cc(123)] NtOpenThread: {Отказано в доступе} Процесс запросил доступ к объекту, но права на доступ не предоставлены. (0xc0000022)
[1225/143229.458:ERROR:exception_snapshot_win.cc(99)] thread ID 14836 not found in process
[1225/143229.564:ERROR:process_reader_win.cc(151)] SuspendThread: Отказано в доступе. (0x5)
[1225/143229.564:ERROR:process_reader_win.cc(123)] NtOpenThread: {Отказано в доступе} Процесс запросил доступ к объекту, но права на доступ не предоставлены. (0xc0000022)
[1225/143229.564:ERROR:exception_snapshot_win.cc(99)] thread ID 12304 not found in process
[1225/143300.667:ERROR:process_reader_win.cc(123)] NtOpenThread: {Отказано в доступе} Процесс запросил доступ к объекту, но права на доступ не предоставлены. (0xc0000022)
[1225/143300.668:ERROR:exception_snapshot_win.cc(99)] thread ID 2800 not found in process
[1225/143300.771:ERROR:process_reader_win.cc(151)] SuspendThread: Отказано в доступе. (0x5)
[1225/143300.771:ERROR:process_reader_win.cc(123)] NtOpenThread: {Отказано в доступе} Процесс запросил доступ к объекту, но права на доступ не предоставлены. (0xc0000022)
[1225/143300.771:ERROR:exception_snapshot_win.cc(99)] thread ID 8340 not found in process
[1225/143410.281:ERROR:process_reader_win.cc(151)] SuspendThread: Отказано в доступе. (0x5)
[1225/143410.281:ERROR:process_reader_win.cc(151)] SuspendThread: Отказано в доступе. (0x5)
[1225/143410.281:ERROR:process_reader_win.cc(123)] NtOpenThread: {Отказано в доступе} Процесс запросил доступ к объекту, но права на доступ не предоставлены. (0xc0000022)
[1225/143410.281:ERROR:exception_snapshot_win.cc(99)] thread ID 12732 not found in process
[1225/144654.670:ERROR:directory_reader_win.cc(43)] FindFirstFile: Системе не удается найти указанный путь. (0x3)
[1225/145408.039:ERROR:filesystem_win.cc(129)] GetFileAttributes C:\Users\vladv\AppData\Local\Temp\scoped_dir9888_564828880\Crashpad\attachments\8f2d8e4a-c0ac-4975-9bee-a1e193408793: Системе не удается найти указанный путь. (0x3)
[1225/145732.483:ERROR:process_reader_win.cc(123)] NtOpenThread: {Отказано в доступе} Процесс запросил доступ к объекту, но права на доступ не предоставлены. (0xc0000022)
[1225/145732.591:ERROR:exception_snapshot_win.cc(99)] thread ID 9076 not found in process
[1225/151813.555:ERROR:directory_reader_win.cc(43)] FindFirstFile: Системе не удается найти указанный путь. (0x3)
[1225/153059.974:ERROR:process_reader_win.cc(151)] SuspendThread: Отказано в доступе. (0x5)
[1225/153059.974:ERROR:process_reader_win.cc(123)] NtOpenThread: {Отказано в доступе} Процесс запросил доступ к объекту, но права на доступ не предоставлены. (0xc0000022)
[1225/153100.106:ERROR:exception_snapshot_win.cc(99)] thread ID 14180 not found in process
[1225/153101.634:ERROR:process_reader_win.cc(123)] NtOpenThread: {Отказано в доступе} Процесс запросил доступ к объекту, но права на доступ не предоставлены. (0xc0000022)
[1225/153101.634:ERROR:exception_snapshot_win.cc(99)] thread ID 4964 not found in process
[1225/153645.035:ERROR:filesystem_win.cc(129)] GetFileAttributes C:\Users\vladv\AppData\Local\Temp\scoped_dir8180_844518838\Crashpad\attachments\1b403f53-492d-4e70-8c3f-64efb25f9691: Системе не удается найти указанный путь. (0x3)
[1225/153952.637:ERROR:process_reader_win.cc(151)] SuspendThread: Отказано в доступе. (0x5)
[1225/153952.637:ERROR:process_reader_win.cc(123)] NtOpenThread: {Отказано в доступе} Процесс запросил доступ к объекту, но права на доступ не предоставлены. (0xc0000022)
[1225/153955.216:ERROR:exception_snapshot_win.cc(99)] thread ID 7548 not found in process
[1225/155122.273:ERROR:process_reader_win.cc(123)] NtOpenThread: {Отказано в доступе} Процесс запросил доступ к объекту, но права на доступ не предоставлены. (0xc0000022)
[1225/155122.953:ERROR:exception_snapshot_win.cc(99)] thread ID 16948 not found in process
[1225/155159.909:ERROR:process_reader_win.cc(151)] SuspendThread: Отказано в доступе. (0x5)
[1225/155159.909:ERROR:process_reader_win.cc(123)] NtOpenThread: {Отказано в доступе} Процесс запросил доступ к объекту, но права на доступ не предоставлены. (0xc0000022)
[1225/155159.909:ERROR:exception_snapshot_win.cc(99)] thread ID 13736 not found in process
[1225/155159.925:ERROR:process_reader_win.cc(123)] NtOpenThread: {Отказано в доступе} Процесс запросил доступ к объекту, но права на доступ не предоставлены. (0xc0000022)
[1225/155159.926:ERROR:exception_snapshot_win.cc(99)] thread ID 15036 not found in process
[1225/155207.514:ERROR:process_reader_win.cc(151)] SuspendThread: Отказано в доступе. (0x5)
[1225/155207.514:ERROR:process_reader_win.cc(151)] SuspendThread: Отказано в доступе. (0x5)
[1225/155207.514:ERROR:process_reader_win.cc(123)] NtOpenThread: {Отказано в доступе} Процесс запросил доступ к объекту, но права на доступ не предоставлены. (0xc0000022)
[1225/155207.514:ERROR:exception_snapshot_win.cc(99)] thread ID 7676 not found in process
[1225/155208.685:ERROR:filesystem_win.cc(129)] GetFileAttributes C:\Users\vladv\AppData\Local\Temp\scoped_dir8396_246041840\Crashpad\attachments\97fcd169-e9bc-4226-ac1a-e984ef032c5e: Системе не удается найти указанный путь. (0x3)
[1226/161931.440:ERROR:directory_reader_win.cc(43)] FindFirstFile: Системе не удается найти указанный путь. (0x3)
[1226/165733.112:ERROR:filesystem_win.cc(129)] GetFileAttributes C:\Users\vladv\AppData\Local\Temp\scoped_dir18928_668875863\Crashpad\attachments\7c5a0ec9-0010-446b-a08d-f2f894497b88: Системе не удается найти указанный путь. (0x3)
[1226/182438.621:ERROR:process_reader_win.cc(123)] NtOpenThread: {Отказано в доступе} Процесс запросил доступ к объекту, но права на доступ не предоставлены. (0xc0000022)
[1226/182438.782:ERROR:exception_snapshot_win.cc(99)] thread ID 1084 not found in process
[1226/182443.293:ERROR:process_reader_win.cc(123)] NtOpenThread: {Отказано в доступе} Процесс запросил доступ к объекту, но права на доступ не предоставлены. (0xc0000022)
[1226/182443.294:ERROR:exception_snapshot_win.cc(99)] thread ID 10112 not found in process
[1226/202134.234:ERROR:directory_reader_win.cc(43)] FindFirstFile: Системе не удается найти указанный путь. (0x3)
[1226/202939.332:ERROR:process_reader_win.cc(151)] SuspendThread: Отказано в доступе. (0x5)
[1226/202939.332:ERROR:process_reader_win.cc(123)] NtOpenThread: {Отказано в доступе} Процесс запросил доступ к объекту, но права на доступ не предоставлены. (0xc0000022)
[1226/202939.395:ERROR:exception_snapshot_win.cc(99)] thread ID 2124 not found in process
[1226/202939.527:ERROR:process_reader_win.cc(123)] NtOpenThread: {Отказано в доступе} Процесс запросил доступ к объекту, но права на доступ не предоставлены. (0xc0000022)
[1226/202939.527:ERROR:exception_snapshot_win.cc(99)] thread ID 18320 not found in process
[1226/204023.945:ERROR:directory_reader_win.cc(43)] FindFirstFile: Системе не удается найти указанный путь. (0x3)
[1226/213205.985:ERROR:filesystem_win.cc(129)] GetFileAttributes C:\Users\vladv\AppData\Local\Temp\scoped_dir11528_433101495\Crashpad\attachments\ae58dbe7-2787-4aed-9070-eef9fe2b9599: Системе не удается найти указанный путь. (0x3)
[1226/235511.686:ERROR:process_reader_win.cc(123)] NtOpenThread: {Отказано в доступе} Процесс запросил доступ к объекту, но права на доступ не предоставлены. (0xc0000022)
[1226/235511.803:ERROR:exception_snapshot_win.cc(99)] thread ID 7932 not found in process
[1227/222152.455:ERROR:directory_reader_win.cc(43)] FindFirstFile: Системе не удается найти указанный путь. (0x3)
[1227/225005.105:ERROR:filesystem_win.cc(129)] GetFileAttributes C:\Users\vladv\AppData\Local\Temp\scoped_dir3064_499560473\Crashpad\attachments\c3058a33-c0b9-4039-95e5-22a6d59b45dc: Системе не удается найти указанный путь. (0x3)
[1227/230253.567:ERROR:process_reader_win.cc(151)] SuspendThread: Отказано в доступе. (0x5)
[1227/230253.599:ERROR:process_reader_win.cc(123)] NtOpenThread: {Отказано в доступе} Процесс запросил доступ к объекту, но права на доступ не предоставлены. (0xc0000022)
[1227/230253.616:ERROR:exception_snapshot_win.cc(99)] thread ID 20444 not found in process
[1227/230258.596:ERROR:process_reader_win.cc(123)] NtOpenThread: {Отказано в доступе} Процесс запросил доступ к объекту, но права на доступ не предоставлены. (0xc0000022)
[1227/230258.596:ERROR:exception_snapshot_win.cc(99)] thread ID 17588 not found in process
[1228/181728.621:ERROR:directory_reader_win.cc(43)] FindFirstFile: Системе не удается найти указанный путь. (0x3)
[1228/185642.027:ERROR:filesystem_win.cc(129)] GetFileAttributes C:\Users\vladv\AppData\Local\Temp\scoped_dir7752_860712941\Crashpad\attachments\ec554ebe-8eab-46e8-864d-99c06f19a663: Системе не удается найти указанный путь. (0x3)
[1228/185755.438:ERROR:process_reader_win.cc(123)] NtOpenThread: {Отказано в доступе} Процесс запросил доступ к объекту, но права на доступ не предоставлены. (0xc0000022)
[1228/185755.633:ERROR:exception_snapshot_win.cc(99)] thread ID 11548 not found in process
[1228/185759.870:ERROR:process_reader_win.cc(123)] NtOpenThread: {Отказано в доступе} Процесс запросил доступ к объекту, но права на доступ не предоставлены. (0xc0000022)
[1228/185759.870:ERROR:exception_snapshot_win.cc(99)] thread ID 11204 not found in process
[1228/190843.684:ERROR:directory_reader_win.cc(43)] FindFirstFile: Системе не удается найти указанный путь. (0x3)
[1228/193846.105:ERROR:filesystem_win.cc(129)] GetFileAttributes C:\Users\vladv\AppData\Local\Temp\scoped_dir13484_1439660072\Crashpad\attachments\0f778571-6b28-4fa7-bfaa-f2c35ab250aa: Системе не удается найти указанный путь. (0x3)
[1228/194717.002:ERROR:process_reader_win.cc(151)] SuspendThread: Отказано в доступе. (0x5)
[1228/194717.249:ERROR:process_reader_win.cc(123)] NtOpenThread: {Отказано в доступе} Процесс запросил доступ к объекту, но права на доступ не предоставлены. (0xc0000022)
[1228/194717.318:ERROR:exception_snapshot_win.cc(99)] thread ID 12708 not found in process
[1228/194722.311:ERROR:process_reader_win.cc(123)] NtOpenThread: {Отказано в доступе} Процесс запросил доступ к объекту, но права на доступ не предоставлены. (0xc0000022)
[1228/194722.311:ERROR:exception_snapshot_win.cc(99)] thread ID 13784 not found in process
[1228/195751.523:ERROR:process_reader_win.cc(151)] SuspendThread: Отказано в доступе. (0x5)
[1228/195751.717:ERROR:process_reader_win.cc(123)] NtOpenThread: {Отказано в доступе} Процесс запросил доступ к объекту, но права на доступ не предоставлены. (0xc0000022)
[1228/195751.762:ERROR:exception_snapshot_win.cc(99)] thread ID 10564 not found in process
[1228/195752.202:ERROR:process_reader_win.cc(123)] NtOpenThread: {Отказано в доступе} Процесс запросил доступ к объекту, но права на доступ не предоставлены. (0xc0000022)
[1228/195752.202:ERROR:exception_snapshot_win.cc(99)] thread ID 11800 not found in process
[1228/200958.088:ERROR:directory_reader_win.cc(43)] FindFirstFile: Системе не удается найти указанный путь. (0x3)
[1228/235244.158:ERROR:process_reader_win.cc(123)] NtOpenThread: {Отказано в доступе} Процесс запросил доступ к объекту, но права на доступ не предоставлены. (0xc0000022)
[1228/235244.710:ERROR:exception_snapshot_win.cc(99)] thread ID 9032 not found in process
[0101/195418.707:ERROR:directory_reader_win.cc(43)] FindFirstFile: Системе не удается найти указанный путь. (0x3)
[0101/203110.396:ERROR:process_reader_win.cc(123)] NtOpenThread: {Отказано в доступе} Процесс запросил доступ к объекту, но права на доступ не предоставлены. (0xc0000022)
[0101/203110.497:ERROR:exception_snapshot_win.cc(99)] thread ID 12804 not found in process
[0101/204236.015:ERROR:directory_reader_win.cc(43)] FindFirstFile: Системе не удается найти указанный путь. (0x3)
[0101/210317.930:ERROR:process_reader_win.cc(123)] NtOpenThread: {Отказано в доступе} Процесс запросил доступ к объекту, но права на доступ не предоставлены. (0xc0000022)
[0101/210317.978:ERROR:exception_snapshot_win.cc(99)] thread ID 15532 not found in process
[0101/210320.219:ERROR:process_reader_win.cc(123)] NtOpenThread: {Отказано в доступе} Процесс запросил доступ к объекту, но права на доступ не предоставлены. (0xc0000022)
[0101/210320.219:ERROR:exception_snapshot_win.cc(99)] thread ID 7256 not found in process
[0101/211410.276:ERROR:directory_reader_win.cc(43)] FindFirstFile: Системе не удается найти указанный путь. (0x3)
[0101/213438.975:ERROR:process_reader_win.cc(123)] NtOpenThread: {Отказано в доступе} Процесс запросил доступ к объекту, но права на доступ не предоставлены. (0xc0000022)
[0101/213439.834:ERROR:exception_snapshot_win.cc(99)] thread ID 13720 not found in process
[0101/213444.834:ERROR:process_reader_win.cc(123)] NtOpenThread: {Отказано в доступе} Процесс запросил доступ к объекту, но права на доступ не предоставлены. (0xc0000022)
[0101/213444.834:ERROR:exception_snapshot_win.cc(99)] thread ID 14280 not found in process
[0101/214516.751:ERROR:directory_reader_win.cc(43)] FindFirstFile: Системе не удается найти указанный путь. (0x3)
[0101/221903.456:ERROR:process_reader_win.cc(123)] NtOpenThread: {Отказано в доступе} Процесс запросил доступ к объекту, но права на доступ не предоставлены. (0xc0000022)
[0101/221904.151:ERROR:exception_snapshot_win.cc(99)] thread ID 6360 not found in process
[0101/223041.842:ERROR:directory_reader_win.cc(43)] FindFirstFile: Системе не удается найти указанный путь. (0x3)
[0101/230701.948:ERROR:process_reader_win.cc(123)] NtOpenThread: {Отказано в доступе} Процесс запросил доступ к объекту, но права на доступ не предоставлены. (0xc0000022)
[0101/230702.101:ERROR:exception_snapshot_win.cc(99)] thread ID 6972 not found in process
[0101/230708.420:ERROR:process_reader_win.cc(123)] NtOpenThread: {Отказано в доступе} Процесс запросил доступ к объекту, но права на доступ не предоставлены. (0xc0000022)
[0101/230708.436:ERROR:exception_snapshot_win.cc(99)] thread ID 2732 not found in process
[0101/231803.283:ERROR:directory_reader_win.cc(43)] FindFirstFile: Системе не удается найти указанный путь. (0x3)
[0102/155648.159:ERROR:directory_reader_win.cc(43)] FindFirstFile: Системе не удается найти указанный путь. (0x3)
[0102/164527.122:ERROR:process_reader_win.cc(123)] NtOpenThread: {Отказано в доступе} Процесс запросил доступ к объекту, но права на доступ не предоставлены. (0xc0000022)
[0102/164527.255:ERROR:exception_snapshot_win.cc(99)] thread ID 13424 not found in process
[0102/164530.723:ERROR:process_reader_win.cc(123)] NtOpenThread: {Отказано в доступе} Процесс запросил доступ к объекту, но права на доступ не предоставлены. (0xc0000022)
[0102/164530.723:ERROR:exception_snapshot_win.cc(99)] thread ID 9180 not found in process
[0102/170247.829:ERROR:directory_reader_win.cc(43)] FindFirstFile: Системе не удается найти указанный путь. (0x3)
[0102/181433.474:ERROR:directory_reader_win.cc(43)] FindFirstFile: Системе не удается найти указанный путь. (0x3)
[0102/184625.874:ERROR:process_reader_win.cc(151)] SuspendThread: Отказано в доступе. (0x5)
[0102/184625.874:ERROR:process_reader_win.cc(123)] NtOpenThread: {Отказано в доступе} Процесс запросил доступ к объекту, но права на доступ не предоставлены. (0xc0000022)
[0102/184625.947:ERROR:exception_snapshot_win.cc(99)] thread ID 11480 not found in process
[0102/184627.030:ERROR:process_reader_win.cc(123)] NtOpenThread: {Отказано в доступе} Процесс запросил доступ к объекту, но права на доступ не предоставлены. (0xc0000022)
[0102/184627.030:ERROR:exception_snapshot_win.cc(99)] thread ID 1488 not found in process
[0102/185650.154:ERROR:directory_reader_win.cc(43)] FindFirstFile: Системе не удается найти указанный путь. (0x3)
[0102/192315.572:ERROR:process_reader_win.cc(151)] SuspendThread: Отказано в доступе. (0x5)
[0102/192315.573:ERROR:process_reader_win.cc(123)] NtOpenThread: {Отказано в доступе} Процесс запросил доступ к объекту, но права на доступ не предоставлены. (0xc0000022)
[0102/192315.580:ERROR:exception_snapshot_win.cc(99)] thread ID 6900 not found in process
[0102/220834.608:ERROR:directory_reader_win.cc(43)] FindFirstFile: Системе не удается найти указанный путь. (0x3)
[0102/221323.438:ERROR:process_reader_win.cc(123)] NtOpenThread: {Отказано в доступе} Процесс запросил доступ к объекту, но права на доступ не предоставлены. (0xc0000022)
[0102/221323.643:ERROR:exception_snapshot_win.cc(99)] thread ID 11160 not found in process
[0102/221323.741:ERROR:process_reader_win.cc(123)] NtOpenThread: {Отказано в доступе} Процесс запросил доступ к объекту, но права на доступ не предоставлены. (0xc0000022)
[0102/221323.741:ERROR:exception_snapshot_win.cc(99)] thread ID 7888 not found in process
[0102/222349.633:ERROR:directory_reader_win.cc(43)] FindFirstFile: Системе не удается найти указанный путь. (0x3)
[0102/234039.931:ERROR:process_reader_win.cc(123)] NtOpenThread: {Отказано в доступе} Процесс запросил доступ к объекту, но права на доступ не предоставлены. (0xc0000022)
[0102/234040.990:ERROR:exception_snapshot_win.cc(99)] thread ID 10364 not found in process
[0102/234041.089:ERROR:scoped_process_suspend.cc(40)] NtResumeProcess: Попытка доступа к процессу, выполняющему процедуру завершения. (0xc000010a)
[0102/235252.606:ERROR:directory_reader_win.cc(43)] FindFirstFile: Системе не удается найти указанный путь. (0x3)
[0103/000918.881:ERROR:process_reader_win.cc(151)] SuspendThread: Отказано в доступе. (0x5)
[0103/000918.882:ERROR:process_reader_win.cc(151)] SuspendThread: Отказано в доступе. (0x5)
[0103/000918.882:ERROR:process_reader_win.cc(123)] NtOpenThread: {Отказано в доступе} Процесс запросил доступ к объекту, но права на доступ не предоставлены. (0xc0000022)
[0103/000918.959:ERROR:exception_snapshot_win.cc(99)] thread ID 7788 not found in process
[0103/000919.717:ERROR:process_reader_win.cc(123)] NtOpenThread: {Отказано в доступе} Процесс запросил доступ к объекту, но права на доступ не предоставлены. (0xc0000022)
[0103/000919.717:ERROR:exception_snapshot_win.cc(99)] thread ID 9556 not found in process
[0104/164929.786:ERROR:directory_reader_win.cc(43)] FindFirstFile: Системе не удается найти указанный путь. (0x3)
[0104/170748.113:ERROR:process_reader_win.cc(123)] NtOpenThread: {Отказано в доступе} Процесс запросил доступ к объекту, но права на доступ не предоставлены. (0xc0000022)
[0104/170748.158:ERROR:exception_snapshot_win.cc(99)] thread ID 8772 not found in process
[0104/170748.897:ERROR:process_reader_win.cc(123)] NtOpenThread: {Отказано в доступе} Процесс запросил доступ к объекту, но права на доступ не предоставлены. (0xc0000022)
[0104/170748.897:ERROR:exception_snapshot_win.cc(99)] thread ID 5784 not found in process
[0104/171815.237:ERROR:directory_reader_win.cc(43)] FindFirstFile: Системе не удается найти указанный путь. (0x3)
[0104/190726.023:ERROR:directory_reader_win.cc(43)] FindFirstFile: Системе не удается найти указанный путь. (0x3)
[0104/202458.587:ERROR:directory_reader_win.cc(43)] FindFirstFile: Системе не удается найти указанный путь. (0x3)
[0104/211310.405:ERROR:process_reader_win.cc(123)] NtOpenThread: {Отказано в доступе} Процесс запросил доступ к объекту, но права на доступ не предоставлены. (0xc0000022)
[0104/211310.465:ERROR:exception_snapshot_win.cc(99)] thread ID 6184 not found in process
[0104/211312.376:ERROR:process_reader_win.cc(123)] NtOpenThread: {Отказано в доступе} Процесс запросил доступ к объекту, но права на доступ не предоставлены. (0xc0000022)
[0104/211312.376:ERROR:exception_snapshot_win.cc(99)] thread ID 1716 not found in process
[0104/212332.089:ERROR:directory_reader_win.cc(43)] FindFirstFile: Системе не удается найти указанный путь. (0x3)
[0104/220703.262:ERROR:process_reader_win.cc(123)] NtOpenThread: {Отказано в доступе} Процесс запросил доступ к объекту, но права на доступ не предоставлены. (0xc0000022)
[0104/220703.296:ERROR:exception_snapshot_win.cc(99)] thread ID 9344 not found in process
[0104/220703.774:ERROR:process_reader_win.cc(123)] NtOpenThread: {Отказано в доступе} Процесс запросил доступ к объекту, но права на доступ не предоставлены. (0xc0000022)
[0104/220703.774:ERROR:exception_snapshot_win.cc(99)] thread ID 11544 not found in process
